[17:20:38] [main/INFO]: Setting user: Player317
[17:20:40] [Client thread/INFO]: LWJGL Version: 2.9.1
[17:20:50] [Client thread/INFO]: Reloading ResourceManager: Default, FMLFileResourcePack:Forge Mod Loader, FMLFileResourcePack:Minecraft Forge, FMLFileResourcePack:Hearthstone Mod
[17:20:51] [Sound Library Loader/INFO]: Sound engine started
[17:20:52] [Client thread/WARN]: File hearthstonemod:sounds/hearthstoneChannel.ogg does not exist, cannot add it to event hearthstonemod:hearthstoneChannel
[17:20:52] [Client thread/WARN]: File hearthstonemod:sounds/hearthstoneCast.ogg does not exist, cannot add it to event hearthstonemod:hearthstoneCast
[17:20:52] [Client thread/WARN]: File hearthstonemod:sounds/hearthstoneImpact.ogg does not exist, cannot add it to event hearthstonemod:hearthstoneImpact
[17:20:52] [Client thread/INFO]: Created: 16x16 textures/blocks-atlas
[17:20:52] [Client thread/INFO]: Created: 16x16 textures/items-atlas
[17:20:52] [Client thread/INFO]: Reloading ResourceManager: Default, FMLFileResourcePack:Forge Mod Loader, FMLFileResourcePack:Minecraft Forge, FMLFileResourcePack:Hearthstone Mod
[17:20:53] [Client thread/INFO]: Created: 512x256 textures/blocks-atlas
[17:20:53] [Client thread/INFO]: Created: 256x256 textures/items-atlas
[17:20:54] [Sound Library Loader/INFO]: Sound engine started
[17:20:55] [Client thread/WARN]: File hearthstonemod:sounds/hearthstoneChannel.ogg does not exist, cannot add it to event hearthstonemod:hearthstoneChannel
[17:20:55] [Client thread/WARN]: File hearthstonemod:sounds/hearthstoneCast.ogg does not exist, cannot add it to event hearthstonemod:hearthstoneCast
[17:20:55] [Client thread/WARN]: File hearthstonemod:sounds/hearthstoneImpact.ogg does not exist, cannot add it to event hearthstonemod:hearthstoneImpact
[17:20:59] [Server thread/INFO]: Starting integrated minecraft server version 1.7.10
[17:20:59] [Server thread/INFO]: Generating keypair
[17:21:00] [Server thread/INFO]: Preparing start region for level 0
[17:21:01] [Server thread/INFO]: Preparing spawn area: 91%
[17:21:01] [Server thread/INFO]: Changing view distance to 12, from 10
[17:21:02] [Server thread/INFO]: Player317[local:E:2245175e] logged in with entity id 374 at (116.60093118725005, 68.5625, 242.50143184740674)
[17:21:02] [Server thread/INFO]: Player317 joined the game
[17:21:03] [Server thread/INFO]: Saving and pausing game...
[17:21:03] [Server thread/INFO]: Saving chunks for level 'New World'/Overworld
[17:21:03] [Server thread/INFO]: Saving chunks for level 'New World'/Nether
[17:21:03] [Server thread/INFO]: Saving chunks for level 'New World'/The End
[17:21:22] [Server thread/INFO]: Player317 has just earned the achievement [Taking Inventory]
[17:21:22] [Client thread/INFO]: [CHAT] Player317 has just earned the achievement [Taking Inventory]
[17:21:37] [Client thread/INFO]: [CHAT] Hearthstone is now linked
[17:21:38] [Client thread/INFO]: [CHAT] Hearthstone channel canceled!
[17:21:38] [Server thread/WARN]: Unable to play empty soundEvent: hearthstonemod:hearthstoneChannel
[17:21:42] [Server thread/INFO]: Saving and pausing game...
[17:21:42] [Server thread/INFO]: Saving chunks for level 'New World'/Overworld
[17:21:42] [Server thread/INFO]: Saving chunks for level 'New World'/Nether
[17:21:42] [Server thread/INFO]: Saving chunks for level 'New World'/The End
[17:21:51] [Client thread/WARN]: Unable to play empty soundEvent: hearthstonemod:hearthstoneCast
[17:21:51] [Client thread/WARN]: Unable to play empty soundEvent: hearthstonemod:hearthstoneImpact
[17:21:54] [Server thread/INFO]: Saving and pausing game...
[17:21:54] [Server thread/INFO]: Saving chunks for level 'New World'/Overworld
[17:21:54] [Server thread/INFO]: Saving chunks for level 'New World'/Nether
[17:21:54] [Server thread/INFO]: Saving chunks for level 'New World'/The End
[17:21:54] [Server thread/INFO]: Stopping server
[17:21:54] [Server thread/INFO]: Saving players
[17:21:54] [Server thread/INFO]: Saving worlds
[17:21:54] [Server thread/INFO]: Saving chunks for level 'New World'/Overworld
[17:21:54] [Server thread/INFO]: Saving chunks for level 'New World'/Nether
[17:21:54] [Server thread/INFO]: Saving chunks for level 'New World'/The End
[17:21:55] [Client thread/INFO]: Stopping!
[17:47:09] [main/INFO]: Setting user: Player290
