#
# A fatal error has been detected by the Java Runtime Environment:
#
#  EXCEPTION_ACCESS_VIOLATION (0xc0000005) at pc=0x000000001a041066, pid=7152, tid=1224
#
# JRE version: Java(TM) SE Runtime Environment (8.0_73-b02) (build 1.8.0_73-b02)
# Java VM: Java HotSpot(TM) 64-Bit Server VM (25.73-b02 mixed mode windows-amd64 compressed oops)
# Problematic frame:
# C  [OpenAL64.dll+0x11066]
#
# Failed to write core dump. Minidumps are not enabled by default on client versions of Windows
#
# If you would like to submit a bug report, please visit:
#   http://bugreport.java.com/bugreport/crash.jsp
# The crash happened outside the Java Virtual Machine in native code.
# See problematic frame for where to report the bug.
#

---------------  T H R E A D  ---------------

Current thread (0x000000001808d000):  JavaThread "Thread-8" [_thread_in_native, id=1224, stack(0x000000002be90000,0x000000002bf90000)]

siginfo: ExceptionCode=0xc0000005, reading address 0x000000001862a004

Registers:
RAX=0x0000000000000004, RBX=0x000000001b680090, RCX=0x000000001862a008, RDX=0x000000001862a004
RSP=0x000000002bf8ef60, RBP=0x00000000000000ff, RSI=0x0000000018629f8c, RDI=0x0000000000000000
R8 =0x000000000000001e, R9 =0x0000000018629f8c, R10=0x0000000002535e08, R11=0x000000005a229530
R12=0x0000000000000001, R13=0x0000000025ac0250, R14=0x000000002bf8f0f8, R15=0x000000001808d000
RIP=0x000000001a041066, EFLAGS=0x0000000000010202

Top of Stack: (sp=0x000000002bf8ef60)
0x000000002bf8ef60:   0000000000000000 000000005a0cbfdb
0x000000002bf8ef70:   000000001808d000 000000001808d000
0x000000002bf8ef80:   0000000025ac0250 0000000000000000
0x000000002bf8ef90:   000000001808d000 0000000018627360
0x000000002bf8efa0:   0000000025ac0250 000000002bf8f0f8
0x000000002bf8efb0:   000000001938bfd0 000000005a0ba2f6
0x000000002bf8efc0:   000000002bf8f768 0000000018617f40
0x000000002bf8efd0:   000000001808d000 000000002bf8f0f8
0x000000002bf8efe0:   0000000025ac0250 0000000000000000
0x000000002bf8eff0:   0000000018629f8c 00000000d4cd0c90
0x000000002bf8f000:   000000002bf8f0c0 000000001a04248f
0x000000002bf8f010:   000000001b680090 000000001b680090
0x000000002bf8f020:   000000000000ac44 0000000000000004
0x000000002bf8f030:   0000000000000010 0000000002535e34
0x000000002bf8f040:   0000000025ac0250 0000000002535b9d
0x000000002bf8f050:   000000001808d000 0000000025ac0250 

Instructions: (pc=0x000000001a041066)
0x000000001a041046:   41 2b ec 81 3a 03 00 02 00 75 09 8b 01 89 84 24
0x000000001a041056:   c8 00 00 00 49 83 c0 02 48 83 c1 08 4a 8d 14 86
0x000000001a041066:   39 3a 75 af 4c 8d 84 24 c0 00 00 00 48 8d 15 d7
0x000000001a041076:   2b 03 00 33 c9 e8 58 5f 00 00 b8 40 1f 00 00 4c 


Register to memory mapping:

RAX=0x0000000000000004 is an unknown value
RBX=0x000000001b680090 is an unknown value
RCX=0x000000001862a008 is an unknown value
RDX=0x000000001862a004 is an unknown value
RSP=0x000000002bf8ef60 is pointing into the stack for thread: 0x000000001808d000
RBP=0x00000000000000ff is an unknown value
RSI=0x0000000018629f8c is an unknown value
RDI=0x0000000000000000 is an unknown value
R8 =0x000000000000001e is an unknown value
R9 =0x0000000018629f8c is an unknown value
R10=0x0000000002535e08 is at code_begin+840 in an Interpreter codelet
method entry point (kind = native)  [0x0000000002535ac0, 0x0000000002536420]  2400 bytes
R11=0x000000005a229530 is an unknown value
R12=0x0000000000000001 is an unknown value
R13={method} {0x0000000025ac0258} 'nalcCreateContext' '(JJ)J' in 'org/lwjgl/openal/ALC10'
R14=0x000000002bf8f0f8 is pointing into the stack for thread: 0x000000001808d000
R15=0x000000001808d000 is a thread


Stack: [0x000000002be90000,0x000000002bf90000],  sp=0x000000002bf8ef60,  free space=1019k
Native frames: (J=compiled Java code, j=interpreted, Vv=VM code, C=native code)
C  [OpenAL64.dll+0x11066]
C  [OpenAL64.dll+0x1248f]
C  0x0000000002535e34

Java frames: (J=compiled Java code, j=interpreted, Vv=VM code)
j  org.lwjgl.openal.ALC10.nalcCreateContext(JJ)J+0
j  org.lwjgl.openal.ALC10.alcCreateContext(Lorg/lwjgl/openal/ALCdevice;Ljava/nio/IntBuffer;)Lorg/lwjgl/openal/ALCcontext;+8
j  org.lwjgl.openal.AL.init(Ljava/lang/String;IIZZ)V+69
j  org.lwjgl.openal.AL.create(Ljava/lang/String;IIZZ)V+227
j  org.lwjgl.openal.AL.create(Ljava/lang/String;IIZ)V+5
j  org.lwjgl.openal.AL.create()V+6
j  paulscode.sound.libraries.LibraryLWJGLOpenAL.init()V+2
j  paulscode.sound.SoundSystem.CommandNewLibrary(Ljava/lang/Class;)V+273
j  paulscode.sound.SoundSystem.CommandQueue(Lpaulscode/sound/CommandObject;)Z+1206
j  paulscode.sound.CommandThread.run()V+51
v  ~StubRoutines::call_stub

---------------  P R O C E S S  ---------------

Java Threads: ( => current thread )
  0x000000001808d800 JavaThread "Keep-Alive-Timer" daemon [_thread_blocked, id=1804, stack(0x000000002c090000,0x000000002c190000)]
  0x0000000018090800 JavaThread "Thread-9" [_thread_blocked, id=5568, stack(0x000000002bf90000,0x000000002c090000)]
=>0x000000001808d000 JavaThread "Thread-8" [_thread_in_native, id=1224, stack(0x000000002be90000,0x000000002bf90000)]
  0x0000000018090000 JavaThread "Sound Library Loader" [_thread_blocked, id=1292, stack(0x000000002bd90000,0x000000002be90000)]
  0x0000000018093000 JavaThread "LWJGL Timer" daemon [_thread_blocked, id=6200, stack(0x0000000027920000,0x0000000027a20000)]
  0x000000001808f000 JavaThread "Thread-6" [_thread_blocked, id=752, stack(0x0000000025fe0000,0x00000000260e0000)]
  0x0000000018091800 JavaThread "Java2D Disposer" daemon [_thread_blocked, id=5268, stack(0x000000001d2d0000,0x000000001d3d0000)]
  0x000000001808e800 JavaThread "Timer hack thread" daemon [_thread_blocked, id=6220, stack(0x000000001d0d0000,0x000000001d1d0000)]
  0x000000001976f800 JavaThread "Snooper Timer" daemon [_thread_blocked, id=1204, stack(0x000000001cc80000,0x000000001cd80000)]
  0x0000000016342000 JavaThread "Service Thread" daemon [_thread_blocked, id=1404, stack(0x0000000016c80000,0x0000000016d80000)]
  0x00000000162bd000 JavaThread "C1 CompilerThread2" daemon [_thread_blocked, id=6644, stack(0x0000000016b80000,0x0000000016c80000)]
  0x00000000162b2000 JavaThread "C2 CompilerThread1" daemon [_thread_in_native, id=656, stack(0x0000000016a80000,0x0000000016b80000)]
  0x00000000162b1000 JavaThread "C2 CompilerThread0" daemon [_thread_in_native, id=5160, stack(0x0000000016980000,0x0000000016a80000)]
  0x00000000162ae000 JavaThread "Attach Listener" daemon [_thread_blocked, id=1140, stack(0x0000000016880000,0x0000000016980000)]
  0x000000001569e000 JavaThread "Signal Dispatcher" daemon [_thread_blocked, id=2492, stack(0x0000000016780000,0x0000000016880000)]
  0x000000001569c800 JavaThread "Surrogate Locker Thread (Concurrent GC)" daemon [_thread_blocked, id=3624, stack(0x0000000016680000,0x0000000016780000)]
  0x0000000015692000 JavaThread "Finalizer" daemon [_thread_blocked, id=3128, stack(0x00000000160a0000,0x00000000161a0000)]
  0x000000001568a800 JavaThread "Reference Handler" daemon [_thread_blocked, id=6324, stack(0x0000000015fa0000,0x00000000160a0000)]
  0x0000000002355800 JavaThread "Client thread" [_thread_in_Java, id=4436, stack(0x00000000021c0000,0x00000000022c0000)]

Other Threads:
  0x0000000015682000 VMThread [stack: 0x0000000015ea0000,0x0000000015fa0000] [id=2656]
  0x0000000016367800 WatcherThread [stack: 0x0000000016d80000,0x0000000016e80000] [id=5572]

VM state:not at safepoint (normal execution)

VM Mutex/Monitor currently owned by a thread: None

Heap:
 par new generation   total 306688K, used 281987K [0x00000000c0000000, 0x00000000d4cc0000, 0x00000000d4cc0000)
  eden space 272640K,  90% used [0x00000000c0000000, 0x00000000cf220f70, 0x00000000d0a40000)
  from space 34048K, 100% used [0x00000000d2b80000, 0x00000000d4cc0000, 0x00000000d4cc0000)
  to   space 34048K,   0% used [0x00000000d0a40000, 0x00000000d0a40000, 0x00000000d2b80000)
 concurrent mark-sweep generation total 707840K, used 48452K [0x00000000d4cc0000, 0x0000000100000000, 0x0000000100000000)
 Metaspace       used 27173K, capacity 27461K, committed 27924K, reserved 1073152K
  class space    used 3400K, capacity 3503K, committed 3604K, reserved 1048576K

Card table byte_map: [0x0000000011ce0000,0x0000000011ef0000] byte_map_base: 0x00000000116e0000

Marking Bits: (CMSBitMap*) 0x00000000023af9e8
 Bits: [0x0000000012490000, 0x0000000012f5d000)

Mod Union Table: (CMSBitMap*) 0x00000000023afaa8
 Bits: [0x0000000000460000, 0x000000000048b340)

Polling page: 0x00000000001f0000

CodeCache: size=245760Kb used=11496Kb max_used=11513Kb free=234263Kb
 bounds [0x0000000002520000, 0x0000000003070000, 0x0000000011520000]
 total_blobs=3734 nmethods=3104 adapters=542
 compilation: enabled

Compilation events (10 events):
Event: 11.304 Thread 0x00000000162bd000 3576       2       java.lang.Exception::<init> (6 bytes)
Event: 11.305 Thread 0x00000000162bd000 nmethod 3576 0x00000000026f4590 code [0x00000000026f4700, 0x00000000026f4908]
Event: 11.313 Thread 0x00000000162bd000 3577  s!   2       sun.misc.URLClassPath::getLoader (197 bytes)
Event: 11.314 Thread 0x00000000162bd000 nmethod 3577 0x00000000026fab50 code [0x00000000026fae00, 0x00000000026fc1f8]
Event: 11.315 Thread 0x00000000162bd000 3578  s    2       sun.misc.URLClassPath::getNextLoader (88 bytes)
Event: 11.315 Thread 0x00000000162bd000 nmethod 3578 0x00000000026fa390 code [0x00000000026fa520, 0x00000000026fa9b8]
Event: 11.316 Thread 0x00000000162bd000 3579       2       java.lang.Long::stringSize (38 bytes)
Event: 11.316 Thread 0x00000000162bd000 nmethod 3579 0x0000000002a13f50 code [0x0000000002a140a0, 0x0000000002a14270]
Event: 11.317 Thread 0x00000000162bd000 3580       2       java.lang.Long::getChars (221 bytes)
Event: 11.317 Thread 0x00000000162bd000 nmethod 3580 0x00000000029c6810 code [0x00000000029c69c0, 0x00000000029c6ef0]

GC Heap History (8 events):
Event: 0.764 GC heap before
{Heap before GC invocations=0 (full 0):
 par new generation   total 306688K, used 49094K [0x00000000c0000000, 0x00000000d4cc0000, 0x00000000d4cc0000)
  eden space 272640K,  18% used [0x00000000c0000000, 0x00000000c2ff1870, 0x00000000d0a40000)
  from space 34048K,   0% used [0x00000000d0a40000, 0x00000000d0a40000, 0x00000000d2b80000)
  to   space 34048K,   0% used [0x00000000d2b80000, 0x00000000d2b80000, 0x00000000d4cc0000)
 concurrent mark-sweep generation total 707840K, used 0K [0x00000000d4cc0000, 0x0000000100000000, 0x0000000100000000)
 Metaspace       used 9806K, capacity 9930K, committed 9984K, reserved 1058816K
  class space    used 1206K, capacity 1235K, committed 1280K, reserved 1048576K
Event: 0.786 GC heap after
Heap after GC invocations=1 (full 1):
 par new generation   total 306688K, used 0K [0x00000000c0000000, 0x00000000d4cc0000, 0x00000000d4cc0000)
  eden space 272640K,   0% used [0x00000000c0000000, 0x00000000c0000000, 0x00000000d0a40000)
  from space 34048K,   0% used [0x00000000d0a40000, 0x00000000d0a40000, 0x00000000d2b80000)
  to   space 34048K,   0% used [0x00000000d2b80000, 0x00000000d2b80000, 0x00000000d4cc0000)
 concurrent mark-sweep generation total 707840K, used 5326K [0x00000000d4cc0000, 0x0000000100000000, 0x0000000100000000)
 Metaspace       used 9806K, capacity 9930K, committed 9984K, reserved 1058816K
  class space    used 1206K, capacity 1235K, committed 1280K, reserved 1048576K
}
Event: 4.174 GC heap before
{Heap before GC invocations=1 (full 2):
 par new generation   total 306688K, used 272640K [0x00000000c0000000, 0x00000000d4cc0000, 0x00000000d4cc0000)
  eden space 272640K, 100% used [0x00000000c0000000, 0x00000000d0a40000, 0x00000000d0a40000)
  from space 34048K,   0% used [0x00000000d0a40000, 0x00000000d0a40000, 0x00000000d2b80000)
  to   space 34048K,   0% used [0x00000000d2b80000, 0x00000000d2b80000, 0x00000000d4cc0000)
 concurrent mark-sweep generation total 707840K, used 5326K [0x00000000d4cc0000, 0x0000000100000000, 0x0000000100000000)
 Metaspace       used 17434K, capacity 17634K, committed 17920K, reserved 1064960K
  class space    used 2097K, capacity 2181K, committed 2304K, reserved 1048576K
Event: 4.192 GC heap after
Heap after GC invocations=2 (full 2):
 par new generation   total 306688K, used 23188K [0x00000000c0000000, 0x00000000d4cc0000, 0x00000000d4cc0000)
  eden space 272640K,   0% used [0x00000000c0000000, 0x00000000c0000000, 0x00000000d0a40000)
  from space 34048K,  68% used [0x00000000d2b80000, 0x00000000d4225180, 0x00000000d4cc0000)
  to   space 34048K,   0% used [0x00000000d0a40000, 0x00000000d0a40000, 0x00000000d2b80000)
 concurrent mark-sweep generation total 707840K, used 5326K [0x00000000d4cc0000, 0x0000000100000000, 0x0000000100000000)
 Metaspace       used 17434K, capacity 17634K, committed 17920K, reserved 1064960K
  class space    used 2097K, capacity 2181K, committed 2304K, reserved 1048576K
}
Event: 6.460 GC heap before
{Heap before GC invocations=2 (full 2):
 par new generation   total 306688K, used 295828K [0x00000000c0000000, 0x00000000d4cc0000, 0x00000000d4cc0000)
  eden space 272640K, 100% used [0x00000000c0000000, 0x00000000d0a40000, 0x00000000d0a40000)
  from space 34048K,  68% used [0x00000000d2b80000, 0x00000000d4225180, 0x00000000d4cc0000)
  to   space 34048K,   0% used [0x00000000d0a40000, 0x00000000d0a40000, 0x00000000d2b80000)
 concurrent mark-sweep generation total 707840K, used 5326K [0x00000000d4cc0000, 0x0000000100000000, 0x0000000100000000)
 Metaspace       used 23686K, capacity 23911K, committed 24208K, reserved 1071104K
  class space    used 2972K, capacity 3048K, committed 3092K, reserved 1048576K
Event: 6.515 GC heap after
Heap after GC invocations=3 (full 2):
 par new generation   total 306688K, used 14043K [0x00000000c0000000, 0x00000000d4cc0000, 0x00000000d4cc0000)
  eden space 272640K,   0% used [0x00000000c0000000, 0x00000000c0000000, 0x00000000d0a40000)
  from space 34048K,  41% used [0x00000000d0a40000, 0x00000000d17f6e98, 0x00000000d2b80000)
  to   space 34048K,   0% used [0x00000000d2b80000, 0x00000000d2b80000, 0x00000000d4cc0000)
 concurrent mark-sweep generation total 707840K, used 25207K [0x00000000d4cc0000, 0x0000000100000000, 0x0000000100000000)
 Metaspace       used 23686K, capacity 23911K, committed 24208K, reserved 1071104K
  class space    used 2972K, capacity 3048K, committed 3092K, reserved 1048576K
}
Event: 9.270 GC heap before
{Heap before GC invocations=3 (full 2):
 par new generation   total 306688K, used 286683K [0x00000000c0000000, 0x00000000d4cc0000, 0x00000000d4cc0000)
  eden space 272640K, 100% used [0x00000000c0000000, 0x00000000d0a40000, 0x00000000d0a40000)
  from space 34048K,  41% used [0x00000000d0a40000, 0x00000000d17f6e98, 0x00000000d2b80000)
  to   space 34048K,   0% used [0x00000000d2b80000, 0x00000000d2b80000, 0x00000000d4cc0000)
 concurrent mark-sweep generation total 707840K, used 22370K [0x00000000d4cc0000, 0x0000000100000000, 0x0000000100000000)
 Metaspace       used 24397K, capacity 24647K, committed 25128K, reserved 1071104K
  class space    used 3051K, capacity 3144K, committed 3220K, reserved 1048576K
Event: 9.315 GC heap after
Heap after GC invocations=4 (full 2):
 par new generation   total 306688K, used 34048K [0x00000000c0000000, 0x00000000d4cc0000, 0x00000000d4cc0000)
  eden space 272640K,   0% used [0x00000000c0000000, 0x00000000c0000000, 0x00000000d0a40000)
  from space 34048K, 100% used [0x00000000d2b80000, 0x00000000d4cc0000, 0x00000000d4cc0000)
  to   space 34048K,   0% used [0x00000000d0a40000, 0x00000000d0a40000, 0x00000000d2b80000)
 concurrent mark-sweep generation total 707840K, used 48452K [0x00000000d4cc0000, 0x0000000100000000, 0x0000000100000000)
 Metaspace       used 24397K, capacity 24647K, committed 25128K, reserved 1071104K
  class space    used 3051K, capacity 3144K, committed 3220K, reserved 1048576K
}

Deoptimization events (10 events):
Event: 10.882 Thread 0x0000000002355800 Uncommon trap: reason=unstable_if action=reinterpret pc=0x0000000002c4ff3c method=org.objectweb.asm.MethodWriter.visitVarInsn(II)V @ 15
Event: 10.882 Thread 0x0000000002355800 Uncommon trap: reason=unstable_if action=reinterpret pc=0x0000000002ee2660 method=org.objectweb.asm.MethodWriter.visitMethodInsn(ILjava/lang/String;Ljava/lang/String;Ljava/lang/String;Z)V @ 37
Event: 10.882 Thread 0x0000000002355800 Uncommon trap: reason=unstable_if action=reinterpret pc=0x0000000002f7fe64 method=org.objectweb.asm.MethodWriter.visitFieldInsn(ILjava/lang/String;Ljava/lang/String;Ljava/lang/String;)V @ 28
Event: 10.882 Thread 0x0000000002355800 Uncommon trap: reason=unstable_if action=reinterpret pc=0x000000000267af14 method=org.objectweb.asm.MethodWriter.visitInsn(I)V @ 24
Event: 10.882 Thread 0x0000000002355800 Uncommon trap: reason=unstable_if action=reinterpret pc=0x0000000002c510c0 method=org.objectweb.asm.MethodWriter.visitMaxs(II)V @ 627
Event: 10.916 Thread 0x0000000018093800 Uncommon trap: reason=bimorphic action=maybe_recompile pc=0x0000000002958400 method=java.net.URL.<init>(Ljava/net/URL;Ljava/lang/String;Ljava/net/URLStreamHandler;)V @ 504
Event: 10.919 Thread 0x0000000002355800 Uncommon trap: reason=bimorphic action=maybe_recompile pc=0x0000000002ae6d48 method=java.util.regex.Matcher.match(II)Z @ 86
Event: 10.938 Thread 0x0000000018093800 Uncommon trap: reason=unstable_if action=reinterpret pc=0x00000000026fd488 method=java.lang.ThreadLocal.get()Ljava/lang/Object; @ 11
Event: 11.002 Thread 0x0000000002355800 Uncommon trap: reason=bimorphic action=maybe_recompile pc=0x0000000002ae6d48 method=java.util.regex.Matcher.match(II)Z @ 86
Event: 11.192 Thread 0x0000000018093800 Uncommon trap: reason=unstable_if action=reinterpret pc=0x0000000002d975cc method=sun.net.www.MessageHeader.grow()V @ 4

Internal exceptions (10 events):
Event: 11.304 Thread 0x000000001808d000 Exception <a 'org/lwjgl/LWJGLException'> (0x00000000cf19a200) thrown at [D:\re\puppet\workspace\8-2-build-windows-amd64-cygwin\jdk8u73\6086\hotspot\src\share\vm\prims\jni.cpp, line 709]
Event: 11.304 Thread 0x000000001808d000 Exception <a 'org/lwjgl/LWJGLException'> (0x00000000cf19a6c8) thrown at [D:\re\puppet\workspace\8-2-build-windows-amd64-cygwin\jdk8u73\6086\hotspot\src\share\vm\prims\jni.cpp, line 709]
Event: 11.305 Thread 0x000000001808d000 Exception <a 'org/lwjgl/LWJGLException'> (0x00000000cf19ac10) thrown at [D:\re\puppet\workspace\8-2-build-windows-amd64-cygwin\jdk8u73\6086\hotspot\src\share\vm\prims\jni.cpp, line 709]
Event: 11.305 Thread 0x000000001808d000 Exception <a 'org/lwjgl/LWJGLException'> (0x00000000cf19b1f0) thrown at [D:\re\puppet\workspace\8-2-build-windows-amd64-cygwin\jdk8u73\6086\hotspot\src\share\vm\prims\jni.cpp, line 709]
Event: 11.306 Thread 0x000000001808d000 Exception <a 'org/lwjgl/LWJGLException'> (0x00000000cf19b800) thrown at [D:\re\puppet\workspace\8-2-build-windows-amd64-cygwin\jdk8u73\6086\hotspot\src\share\vm\prims\jni.cpp, line 709]
Event: 11.306 Thread 0x000000001808d000 Exception <a 'org/lwjgl/LWJGLException'> (0x00000000cf19bdc8) thrown at [D:\re\puppet\workspace\8-2-build-windows-amd64-cygwin\jdk8u73\6086\hotspot\src\share\vm\prims\jni.cpp, line 709]
Event: 11.306 Thread 0x000000001808d000 Exception <a 'org/lwjgl/LWJGLException'> (0x00000000cf19c468) thrown at [D:\re\puppet\workspace\8-2-build-windows-amd64-cygwin\jdk8u73\6086\hotspot\src\share\vm\prims\jni.cpp, line 709]
Event: 11.306 Thread 0x000000001808d000 Exception <a 'org/lwjgl/LWJGLException'> (0x00000000cf19c9f0) thrown at [D:\re\puppet\workspace\8-2-build-windows-amd64-cygwin\jdk8u73\6086\hotspot\src\share\vm\prims\jni.cpp, line 709]
Event: 11.306 Thread 0x000000001808d000 Exception <a 'org/lwjgl/LWJGLException'> (0x00000000cf19cf78) thrown at [D:\re\puppet\workspace\8-2-build-windows-amd64-cygwin\jdk8u73\6086\hotspot\src\share\vm\prims\jni.cpp, line 709]
Event: 11.307 Thread 0x000000001808d000 Exception <a 'org/lwjgl/LWJGLException'> (0x00000000cf19d488) thrown at [D:\re\puppet\workspace\8-2-build-windows-amd64-cygwin\jdk8u73\6086\hotspot\src\share\vm\prims\jni.cpp, line 709]

Events (10 events):
Event: 11.316 Thread 0x0000000018093800 Thread exited: 0x0000000018093800
Event: 11.316 Thread 0x00000000162bd000 flushing nmethod 0x0000000002b83e50
Event: 11.328 loading class org/lwjgl/openal/ALCdevice
Event: 11.328 loading class org/lwjgl/openal/ALCdevice done
Event: 11.329 loading class org/lwjgl/openal/ALCcontext
Event: 11.329 loading class org/lwjgl/openal/ALCcontext done
Event: 11.330 loading class org/lwjgl/openal/Util
Event: 11.330 loading class org/lwjgl/openal/Util done
Event: 11.331 loading class org/lwjgl/openal/OpenALException
Event: 11.331 loading class org/lwjgl/openal/OpenALException done


Dynamic libraries:
0x00007ff6074d0000 - 0x00007ff607507000 	C:\Program Files\Java\jre1.8.0_73\bin\javaw.exe
0x00007ffb901c0000 - 0x00007ffb90381000 	C:\WINDOWS\SYSTEM32\ntdll.dll
0x00007ffb90110000 - 0x00007ffb901bd000 	C:\WINDOWS\system32\KERNEL32.DLL
0x00007ffb8d3d0000 - 0x00007ffb8d5b8000 	C:\WINDOWS\system32\KERNELBASE.dll
0x00007ffb8f210000 - 0x00007ffb8f2b7000 	C:\WINDOWS\system32\ADVAPI32.dll
0x00007ffb8fd90000 - 0x00007ffb8fe2d000 	C:\WINDOWS\system32\msvcrt.dll
0x00007ffb8f8b0000 - 0x00007ffb8f90b000 	C:\WINDOWS\system32\sechost.dll
0x00007ffb8fa70000 - 0x00007ffb8fb8c000 	C:\WINDOWS\system32\RPCRT4.dll
0x00007ffb8f910000 - 0x00007ffb8fa66000 	C:\WINDOWS\system32\USER32.dll
0x00007ffb8f710000 - 0x00007ffb8f896000 	C:\WINDOWS\system32\GDI32.dll
0x00007ffb77e20000 - 0x00007ffb78094000 	C:\WINDOWS\WinSxS\amd64_microsoft.windows.common-controls_6595b64144ccf1df_6.0.10586.0_none_8c15ae12515e1c22\COMCTL32.dll
0x00007ffb8fe30000 - 0x00007ffb900ad000 	C:\WINDOWS\system32\combase.dll
0x00007ffb8ccc0000 - 0x00007ffb8cd2a000 	C:\WINDOWS\system32\bcryptPrimitives.dll
0x00007ffb8f390000 - 0x00007ffb8f3cb000 	C:\WINDOWS\system32\IMM32.DLL
0x0000000059e50000 - 0x0000000059f22000 	C:\Program Files\Java\jre1.8.0_73\bin\msvcr100.dll
0x000000005a000000 - 0x000000005a890000 	C:\Program Files\Java\jre1.8.0_73\bin\server\jvm.dll
0x00007ffb8f5a0000 - 0x00007ffb8f5a8000 	C:\WINDOWS\system32\PSAPI.DLL
0x00007ffb7e5f0000 - 0x00007ffb7e5f9000 	C:\WINDOWS\SYSTEM32\WSOCK32.dll
0x00007ffb8adf0000 - 0x00007ffb8ae13000 	C:\WINDOWS\SYSTEM32\WINMM.dll
0x00007ffb8db70000 - 0x00007ffb8dbdb000 	C:\WINDOWS\system32\WS2_32.dll
0x00007ffb860a0000 - 0x00007ffb860aa000 	C:\WINDOWS\SYSTEM32\VERSION.dll
0x00007ffb8acb0000 - 0x00007ffb8acdc000 	C:\WINDOWS\SYSTEM32\WINMMBASE.dll
0x00007ffb8cd30000 - 0x00007ffb8cd73000 	C:\WINDOWS\system32\cfgmgr32.dll
0x0000000059ff0000 - 0x0000000059fff000 	C:\Program Files\Java\jre1.8.0_73\bin\verify.dll
0x0000000059fc0000 - 0x0000000059fe9000 	C:\Program Files\Java\jre1.8.0_73\bin\java.dll
0x0000000059fa0000 - 0x0000000059fb6000 	C:\Program Files\Java\jre1.8.0_73\bin\zip.dll
0x00007ffb8dbe0000 - 0x00007ffb8f13c000 	C:\WINDOWS\system32\SHELL32.dll
0x00007ffb8cd80000 - 0x00007ffb8d3c5000 	C:\WINDOWS\system32\windows.storage.dll
0x00007ffb900b0000 - 0x00007ffb90102000 	C:\WINDOWS\system32\shlwapi.dll
0x00007ffb8c860000 - 0x00007ffb8c86f000 	C:\WINDOWS\system32\kernel.appcore.dll
0x00007ffb8ca30000 - 0x00007ffb8cae5000 	C:\WINDOWS\system32\shcore.dll
0x00007ffb8c800000 - 0x00007ffb8c84b000 	C:\WINDOWS\system32\powrprof.dll
0x00007ffb8c7e0000 - 0x00007ffb8c7f4000 	C:\WINDOWS\system32\profapi.dll
0x0000000059e40000 - 0x0000000059e4d000 	C:\Program Files\Java\jre1.8.0_73\bin\management.dll
0x0000000059f80000 - 0x0000000059f9a000 	C:\Program Files\Java\jre1.8.0_73\bin\net.dll
0x00007ffb8c110000 - 0x00007ffb8c16c000 	C:\WINDOWS\system32\mswsock.dll
0x0000000059f60000 - 0x0000000059f71000 	C:\Program Files\Java\jre1.8.0_73\bin\nio.dll
0x00007ffb78f10000 - 0x00007ffb78f26000 	C:\WINDOWS\system32\napinsp.dll
0x00007ffb78f30000 - 0x00007ffb78f4a000 	C:\WINDOWS\system32\pnrpnsp.dll
0x00007ffb89240000 - 0x00007ffb89258000 	C:\WINDOWS\system32\NLAapi.dll
0x00007ffb8b250000 - 0x00007ffb8b2fa000 	C:\WINDOWS\SYSTEM32\DNSAPI.dll
0x00007ffb8f8a0000 - 0x00007ffb8f8a8000 	C:\WINDOWS\system32\NSI.dll
0x00007ffb78f00000 - 0x00007ffb78f0d000 	C:\WINDOWS\System32\winrnr.dll
0x00007ffb78f50000 - 0x00007ffb78f65000 	C:\WINDOWS\System32\wshbth.dll
0x000000005ac00000 - 0x000000005ac26000 	C:\Program Files\Bonjour\mdnsNSP.dll
0x00007ffb895e0000 - 0x00007ffb89618000 	C:\WINDOWS\SYSTEM32\Iphlpapi.DLL
0x00007ffb7f110000 - 0x00007ffb7f11a000 	C:\Windows\System32\rasadhlp.dll
0x00007ffb85690000 - 0x00007ffb856f7000 	C:\WINDOWS\System32\fwpuclnt.dll
0x00007ffb8c710000 - 0x00007ffb8c739000 	C:\WINDOWS\SYSTEM32\bcrypt.dll
0x0000000180000000 - 0x0000000180051000 	C:\Users\Aaron\.gradle\caches\minecraft\net\minecraft\minecraft_natives\1.7.10\lwjgl64.dll
0x00007ffb77560000 - 0x00007ffb77689000 	C:\WINDOWS\SYSTEM32\OPENGL32.dll
0x00007ffb7ba00000 - 0x00007ffb7ba2e000 	C:\WINDOWS\SYSTEM32\GLU32.dll
0x00007ffb76200000 - 0x00007ffb762fa000 	C:\WINDOWS\SYSTEM32\DDRAW.dll
0x00007ffb8afb0000 - 0x00007ffb8afb8000 	C:\WINDOWS\SYSTEM32\DCIMAN32.dll
0x00007ffb8c1c0000 - 0x00007ffb8c1d7000 	C:\WINDOWS\SYSTEM32\CRYPTSP.dll
0x00007ffb8bdf0000 - 0x00007ffb8be24000 	C:\WINDOWS\system32\rsaenh.dll
0x00007ffb8bfa0000 - 0x00007ffb8bfbf000 	C:\WINDOWS\SYSTEM32\USERENV.dll
0x00007ffb8c3a0000 - 0x00007ffb8c3ab000 	C:\WINDOWS\SYSTEM32\CRYPTBASE.dll
0x00007ffb85670000 - 0x00007ffb85686000 	C:\WINDOWS\SYSTEM32\dhcpcsvc6.DLL
0x00007ffb86570000 - 0x00007ffb8658a000 	C:\WINDOWS\SYSTEM32\dhcpcsvc.DLL
0x0000000059ca0000 - 0x0000000059e38000 	C:\Program Files\Java\jre1.8.0_73\bin\awt.dll
0x00007ffb8f2c0000 - 0x00007ffb8f381000 	C:\WINDOWS\system32\OLEAUT32.dll
0x00007ffb8afd0000 - 0x00007ffb8b049000 	C:\WINDOWS\system32\apphelp.dll
0x00007ffb8b160000 - 0x00007ffb8b1f6000 	C:\WINDOWS\system32\uxtheme.dll
0x00007ffb8f5b0000 - 0x00007ffb8f70a000 	C:\WINDOWS\system32\MSCTF.dll
0x00007ffb7a820000 - 0x00007ffb7a8c3000 	C:\Program Files\Common Files\microsoft shared\ink\tiptsf.dll
0x00007ffb8a210000 - 0x00007ffb8a232000 	C:\WINDOWS\system32\dwmapi.dll
0x00007ffb64a00000 - 0x00007ffb6551f000 	C:\WINDOWS\SYSTEM32\ig75icd64.dll
0x00007ffb83ee0000 - 0x00007ffb848ff000 	C:\WINDOWS\SYSTEM32\igdusc64.dll
0x00007ffb8a7c0000 - 0x00007ffb8a7d3000 	C:\WINDOWS\SYSTEM32\WTSAPI32.dll
0x00007ffb7a560000 - 0x00007ffb7a5f1000 	C:\WINDOWS\SYSTEM32\mscms.dll
0x00007ffb7b9b0000 - 0x00007ffb7b9f2000 	C:\WINDOWS\SYSTEM32\icm32.dll
0x00007ffb8fb90000 - 0x00007ffb8fc37000 	C:\WINDOWS\system32\clbcatq.dll
0x00007ffb7bd80000 - 0x00007ffb7bedc000 	C:\Windows\System32\uiautomationcore.dll
0x00007ffb8c670000 - 0x00007ffb8c709000 	C:\WINDOWS\SYSTEM32\sxs.dll
0x00007ffb7a600000 - 0x00007ffb7a66a000 	C:\Windows\System32\OLEACC.dll
0x00007ffb8fc40000 - 0x00007ffb8fd83000 	C:\WINDOWS\system32\ole32.dll
0x0000000070a40000 - 0x0000000070adc000 	C:\Users\Aaron\.gradle\caches\minecraft\net\minecraft\minecraft_natives\1.7.10\avutil-ttv-51.dll
0x0000000065980000 - 0x00000000659d6000 	C:\Users\Aaron\.gradle\caches\minecraft\net\minecraft\minecraft_natives\1.7.10\swresample-ttv-0.dll
0x000000006eb80000 - 0x000000006ec50000 	C:\Users\Aaron\.gradle\caches\minecraft\net\minecraft\minecraft_natives\1.7.10\libmp3lame-ttv.dll
0x00007ffb63650000 - 0x00007ffb649f4000 	C:\Users\Aaron\.gradle\caches\minecraft\net\minecraft\minecraft_natives\1.7.10\libmfxsw64.dll
0x00007ffb6f770000 - 0x00007ffb6f89b000 	C:\Users\Aaron\.gradle\caches\minecraft\net\minecraft\minecraft_natives\1.7.10\twitchsdk.dll
0x00007ffb7dd00000 - 0x00007ffb7dfa9000 	C:\WINDOWS\SYSTEM32\WININET.dll
0x000000001a030000 - 0x000000001a094000 	C:\Users\Aaron\.gradle\caches\minecraft\net\minecraft\minecraft_natives\1.7.10\OpenAL64.dll
0x00007ffb87730000 - 0x00007ffb877a0000 	C:\WINDOWS\System32\MMDevApi.dll
0x00007ffb8b200000 - 0x00007ffb8b227000 	C:\WINDOWS\System32\DEVOBJ.dll
0x00007ffb8a7e0000 - 0x00007ffb8a966000 	C:\WINDOWS\System32\PROPSYS.dll
0x00007ffb71390000 - 0x00007ffb7142c000 	C:\WINDOWS\SYSTEM32\dsound.dll
0x00007ffb77160000 - 0x00007ffb771e8000 	C:\WINDOWS\SYSTEM32\AUDIOSES.DLL
0x00007ffb87a10000 - 0x00007ffb87b46000 	C:\WINDOWS\SYSTEM32\wintypes.dll
0x00007ffb88940000 - 0x00007ffb88acc000 	C:\WINDOWS\SYSTEM32\dbghelp.dll

VM Arguments:
jvm_args: -Xincgc -Xmx1024M -Xms1024M -Dfile.encoding=Cp1252 
java_command: GradleStart
java_class_path (initial): C:\Users\Aaron\Desktop\minecraft modding\Minecraft_Hearthstone_Mod\bin;C:\Users\Aaron\.gradle\caches\minecraft\net\minecraftforge\forge\1.7.10-10.13.4.1448-1.7.10\forgeSrc-1.7.10-10.13.4.1448-1.7.10.jar;C:\Users\Aaron\.gradle\caches\modules-2\files-2.1\net.minecraft\launchwrapper\1.11\9c0592c6e1e9ea296a70948081bd4cc84dda1289\launchwrapper-1.11.jar;C:\Users\Aaron\.gradle\caches\modules-2\files-2.1\com.google.code.findbugs\jsr305\1.3.9\40719ea6961c0cb6afaeb6a921eaa1f6afd4cfdf\jsr305-1.3.9.jar;C:\Users\Aaron\.gradle\caches\modules-2\files-2.1\org.ow2.asm\asm-debug-all\5.0.3\f9e364ae2a66ce2a543012a4668856e84e5dab74\asm-debug-all-5.0.3.jar;C:\Users\Aaron\.gradle\caches\modules-2\files-2.1\com.typesafe.akka\akka-actor_2.11\2.3.3\ed62e9fc709ca0f2ff1a3220daa8b70a2870078e\akka-actor_2.11-2.3.3.jar;C:\Users\Aaron\.gradle\caches\modules-2\files-2.1\com.typesafe\config\1.2.1\f771f71fdae3df231bcd54d5ca2d57f0bf93f467\config-1.2.1.jar;C:\Users\Aaron\.gradle\caches\modules-2\files-2.1\org.scala-lang\scala-actors-migration_2.11\1.1.0\dfa8bc42b181d5b9f1a5dd147f8ae308b893eb6f\scala-actors-migration_2.11-1.1.0.jar;C:\Users\Aaron\.gradle\caches\modules-2\files-2.1\org.scala-lang\scala-compiler\2.11.1\56ea2e6c025e0821f28d73ca271218b8dd04926a\scala-compiler-2.11.1.jar;C:\Users\Aaron\.gradle\caches\modules-2\files-2.1\org.scala-lang.plugins\scala-continuations-library_2.11\1.0.2\e517c53a7e9acd6b1668c5a35eccbaa3bab9aac\scala-continuations-library_2.11-1.0.2.jar;C:\Users\Aaron\.gradle\caches\modules-2\files-2.1\org.scala-lang.plugins\scala-continuations-plugin_2.11.1\1.0.2\f361a3283452c57fa30c1ee69448995de23c60f7\scala-continuations-plugin_2.11.1-1.0.2.jar;C:\Users\Aaron\.gradle\caches\modules-2\files-2.1\org.scala-lang\scala-library\2.11.1\e11da23da3eabab9f4777b9220e60d44c1aab6a\scala-library-2.11.1.jar;C:\Users\Aaron\.gradle\caches\modules-2\files-2.1\org.scala-lang\scala-parser-combinators_2.11\1.0.1\f05d7345bf5a58924f2837c6c1f4d73a938e1ff0\scala-parser-combin
Launcher Type: SUN_STANDARD

Environment Variables:
JAVA_HOME=C:\Program Files\Java\jdk1.8.0_65
PATH=C:/Program Files/Java/jre1.8.0_73/bin/server;C:/Program Files/Java/jre1.8.0_73/bin;C:/Program Files/Java/jre1.8.0_73/lib/amd64;C:\ProgramData\Oracle\Java\javapath;C:\Program Files (x86)\NVIDIA Corporation\PhysX\Common;C:\WINDOWS\system32;C:\WINDOWS;C:\WINDOWS\System32\Wbem;C:\WINDOWS\System32\WindowsPowerShell\v1.0\;C:\WINDOWS\system32\config\systemprofile\.dnx\bin;C:\Program Files\Microsoft DNX\Dnvm\;C:\Program Files (x86)\Windows Kits\8.1\Windows Performance Toolkit\;C:\Program Files\Java\jdk1.8.0_60;C:\Program Files (x86)\Skype\Phone\;C:\Users\Aaron\Desktop;
USERNAME=Aaron
OS=Windows_NT
PROCESSOR_IDENTIFIER=Intel64 Family 6 Model 69 Stepping 1, GenuineIntel



---------------  S Y S T E M  ---------------

OS: Windows 10.0 , 64 bit Build 10586 (10.0.10586.0)

CPU:total 4 (2 cores per cpu, 2 threads per core) family 6 model 69 stepping 1, cmov, cx8, fxsr, mmx, sse, sse2, sse3, ssse3, sse4.1, sse4.2, popcnt, avx, avx2, aes, clmul, erms, lzcnt, ht, tsc, tscinvbit, bmi1, bmi2

Memory: 4k page, physical 8291400k(4598412k free), swap 9602120k(4815972k free)

vm_info: Java HotSpot(TM) 64-Bit Server VM (25.73-b02) for windows-amd64 JRE (1.8.0_73-b02), built on Jan 29 2016 17:38:49 by "java_re" with MS VC++ 10.0 (VS2010)

time: Sat Mar 12 22:55:21 2016
elapsed time: 11 seconds (0d 0h 0m 11s)

